2024-11-15 19:34:01 0 [Note] Starting MariaDB 10.4.32-MariaDB source revision c4143f909528e3fab0677a28631d10389354c491 as process 5660
2024-11-15 19:34:01 0 [Note] InnoDB: Mutexes and rw_locks use Windows interlocked functions
2024-11-15 19:34:01 0 [Note] InnoDB: Uses event mutexes
2024-11-15 19:34:01 0 [Note] InnoDB: Compressed tables use zlib 1.3
2024-11-15 19:34:01 0 [Note] InnoDB: Number of pools: 1
2024-11-15 19:34:01 0 [Note] InnoDB: Using SSE2 crc32 instructions
2024-11-15 19:34:01 0 [Note] InnoDB: Initializing buffer pool, total size = 16M, instances = 1, chunk size = 16M
2024-11-15 19:34:01 0 [Note] InnoDB: Completed initialization of buffer pool
2024-11-15 19:34:01 0 [Note] InnoDB: Starting crash recovery from checkpoint LSN=300288
2024-11-15 19:34:01 0 [Note] InnoDB: 128 out of 128 rollback segments are active.
2024-11-15 19:34:01 0 [Note] InnoDB: Removed temporary tablespace data file: "ibtmp1"
2024-11-15 19:34:01 0 [Note] InnoDB: Creating shared tablespace for temporary tables
2024-11-15 19:34:01 0 [Note] InnoDB: Setting file 'C:\xampp\mysql\data\ibtmp1' size to 12 MB. Physically writing the file full; Please wait ...
2024-11-15 19:34:01 0 [Note] InnoDB: File 'C:\xampp\mysql\data\ibtmp1' size is now 12 MB.
2024-11-15 19:34:01 0 [Note] InnoDB: Waiting for purge to start
2024-11-15 19:34:01 0 [Note] InnoDB: 10.4.32 started; log sequence number 300297; transaction id 170
2024-11-15 19:34:01 0 [Note] InnoDB: Loading buffer pool(s) from C:\xampp\mysql\data\ib_buffer_pool
2024-11-15 19:34:01 0 [Note] Plugin 'FEEDBACK' is disabled.
2024-11-15 19:34:01 0 [Note] InnoDB: Buffer pool(s) load completed at 241115 19:34:01
2024-11-15 19:34:01 0 [Note] Server socket created on IP: '::'.
2024-11-15 19:38:51 0 [Note] Starting MariaDB 10.4.32-MariaDB source revision c4143f909528e3fab0677a28631d10389354c491 as process 15652
2024-11-15 19:38:51 0 [Note] InnoDB: Mutexes and rw_locks use Windows interlocked functions
2024-11-15 19:38:51 0 [Note] InnoDB: Uses event mutexes
2024-11-15 19:38:51 0 [Note] InnoDB: Compressed tables use zlib 1.3
2024-11-15 19:38:51 0 [Note] InnoDB: Number of pools: 1
2024-11-15 19:38:51 0 [Note] InnoDB: Using SSE2 crc32 instructions
2024-11-15 19:38:51 0 [Note] InnoDB: Initializing buffer pool, total size = 16M, instances = 1, chunk size = 16M
2024-11-15 19:38:51 0 [Note] InnoDB: Completed initialization of buffer pool
2024-11-15 19:38:51 0 [Note] InnoDB: Starting crash recovery from checkpoint LSN=300306
2024-11-15 19:38:51 0 [Note] InnoDB: 128 out of 128 rollback segments are active.
2024-11-15 19:38:51 0 [Note] InnoDB: Removed temporary tablespace data file: "ibtmp1"
2024-11-15 19:38:51 0 [Note] InnoDB: Creating shared tablespace for temporary tables
2024-11-15 19:38:51 0 [Note] InnoDB: Setting file 'C:\xampp\mysql\data\ibtmp1' size to 12 MB. Physically writing the file full; Please wait ...
2024-11-15 19:38:51 0 [Note] InnoDB: File 'C:\xampp\mysql\data\ibtmp1' size is now 12 MB.
2024-11-15 19:38:51 0 [Note] InnoDB: Waiting for purge to start
2024-11-15 19:38:51 0 [Note] InnoDB: 10.4.32 started; log sequence number 300315; transaction id 170
2024-11-15 19:38:51 0 [Note] InnoDB: Loading buffer pool(s) from C:\xampp\mysql\data\ib_buffer_pool
2024-11-15 19:38:51 0 [Note] Plugin 'FEEDBACK' is disabled.
2024-11-15 19:38:51 0 [Note] Server socket created on IP: '::'.
2024-11-15 19:39:21 0 [Note] Starting MariaDB 10.4.32-MariaDB source revision c4143f909528e3fab0677a28631d10389354c491 as process 16484
2024-11-15 19:39:21 0 [Note] InnoDB: Mutexes and rw_locks use Windows interlocked functions
2024-11-15 19:39:21 0 [Note] InnoDB: Uses event mutexes
2024-11-15 19:39:21 0 [Note] InnoDB: Compressed tables use zlib 1.3
2024-11-15 19:39:21 0 [Note] InnoDB: Number of pools: 1
2024-11-15 19:39:21 0 [Note] InnoDB: Using SSE2 crc32 instructions
2024-11-15 19:39:21 0 [Note] InnoDB: Initializing buffer pool, total size = 16M, instances = 1, chunk size = 16M
2024-11-15 19:39:21 0 [Note] InnoDB: Completed initialization of buffer pool
2024-11-15 19:39:21 0 [Note] InnoDB: Starting crash recovery from checkpoint LSN=300324
2024-11-15 19:39:21 0 [Note] InnoDB: 128 out of 128 rollback segments are active.
2024-11-15 19:39:21 0 [Note] InnoDB: Removed temporary tablespace data file: "ibtmp1"
2024-11-15 19:39:21 0 [Note] InnoDB: Creating shared tablespace for temporary tables
2024-11-15 19:39:21 0 [Note] InnoDB: Setting file 'C:\xampp\mysql\data\ibtmp1' size to 12 MB. Physically writing the file full; Please wait ...
2024-11-15 19:39:21 0 [Note] InnoDB: File 'C:\xampp\mysql\data\ibtmp1' size is now 12 MB.
2024-11-15 19:39:21 0 [Note] InnoDB: Waiting for purge to start
2024-11-15 19:39:21 0 [Note] InnoDB: 10.4.32 started; log sequence number 300333; transaction id 170
2024-11-15 19:39:21 0 [Note] Plugin 'FEEDBACK' is disabled.
2024-11-15 19:39:21 0 [Note] InnoDB: Loading buffer pool(s) from C:\xampp\mysql\data\ib_buffer_pool
2024-11-15 19:39:21 0 [Note] Server socket created on IP: '::'.
2024-11-15 19:39:21 0 [Note] InnoDB: Buffer pool(s2024-11-15 19:40:47 0 [Note] Starting MariaDB 10.4.32-MariaDB source revision c4143f909528e3fab0677a28631d10389354c491 as process 17116
2024-11-15 19:40:47 0 [Note] InnoDB: Mutexes and rw_locks use Windows interlocked functions
2024-11-15 19:40:47 0 [Note] InnoDB: Uses event mutexes
2024-11-15 19:40:47 0 [Note] InnoDB: Compressed tables use zlib 1.3
2024-11-15 19:40:47 0 [Note] InnoDB: Number of pools: 1
2024-11-15 19:40:47 0 [Note] InnoDB: Using SSE2 crc32 instructions
2024-11-15 19:40:47 0 [Note] InnoDB: Initializing buffer pool, total size = 16M, instances = 1, chunk size = 16M
2024-11-15 19:40:47 0 [Note] InnoDB: Completed initialization of buffer pool
2024-11-15 19:40:47 0 [Note] InnoDB: Starting crash recovery from checkpoint LSN=300342
2024-11-15 19:40:47 0 [Note] InnoDB: 128 out of 128 rollback segments are active.
2024-11-15 19:40:47 0 [Note] InnoDB: Removed temporary tablespace data file: "ibtmp1"
2024-11-15 19:40:47 0 [Note] InnoDB: Creating shared tablespace for temporary tables
2024-11-15 19:40:47 0 [Note] InnoDB: Setting file 'C:\xampp\mysql\data\ibtmp1' size to 12 MB. Physically writing the file full; Please wait ...
2024-11-15 19:40:47 0 [Note] InnoDB: File 'C:\xampp\mysql\data\ibtmp1' size is now 12 MB.
2024-11-15 19:40:47 0 [Note] InnoDB: Waiting for purge to start
2024-11-15 19:40:47 0 [Note] InnoDB: 10.4.32 started; log sequence number 300351; transaction id 170
2024-11-15 19:40:47 0 [Note] InnoDB: Loading buffer pool(s) from C:\xampp\mysql\data\ib_buffer_pool
2024-11-15 19:40:47 0 [Note] Plugin 'FEEDBACK' is disabled.
2024-11-15 19:40:47 0 [Note] Server socket created on IP: '::'.
2024-11-15 19:42:37 0 [Note] Starting MariaDB 10.4.32-MariaDB source revision c4143f909528e3fab0677a28631d10389354c491 as process 12304
2024-11-15 19:42:37 0 [Note] InnoDB: Mutexes and rw_locks use Windows interlocked functions
2024-11-15 19:42:37 0 [Note] InnoDB: Uses event mutexes
2024-11-15 19:42:37 0 [Note] InnoDB: Compressed tables use zlib 1.3
2024-11-15 19:42:37 0 [Note] InnoDB: Number of pools: 1
2024-11-15 19:42:37 0 [Note] InnoDB: Using SSE2 crc32 instructions
2024-11-15 19:42:37 0 [Note] InnoDB: Initializing buffer pool, total size = 16M, instances = 1, chunk size = 16M
2024-11-15 19:42:37 0 [Note] InnoDB: Completed initialization of buffer pool
2024-11-15 19:42:37 0 [Note] InnoDB: Starting crash recovery from checkpoint LSN=301000
2024-11-15 19:42:37 0 [Note] InnoDB: 128 out of 128 rollback segments are active.
2024-11-15 19:42:37 0 [Note] InnoDB: Removed temporary tablespace data file: "ibtmp1"
2024-11-15 19:42:37 0 [Note] InnoDB: Creating shared tablespace for temporary tables
2024-11-15 19:42:37 0 [Note] InnoDB: Setting file 'C:\xampp\mysql\data\ibtmp1' size to 12 MB. Physically writing the file full; Please wait ...
2024-11-15 19:42:37 0 [Note] InnoDB: File 'C:\xampp\mysql\data\ibtmp1' size is now 12 MB.
2024-11-15 19:42:37 0 [Note] InnoDB: Waiting for purge to start
2024-11-15 19:42:37 0 [Note] InnoDB: 10.4.32 started; log sequence number 301009; transaction id 195
2024-11-15 19:42:37 0 [Note] InnoDB: Loading buffer pool(s) from C:\xampp\mysql\data\ib_buffer_pool
2024-11-15 19:42:37 0 [Note] Plugin 'FEEDBACK' is disabled.
2024-11-15 19:42:37 0 [Note] Server socket created on IP: '::'.
2024-11-16  2:05:30 0 [Note] Starting MariaDB 10.4.32-MariaDB source revision c4143f909528e3fab0677a28631d10389354c491 as process 9200
2024-11-16  2:05:30 0 [Note] InnoDB: Mutexes and rw_locks use Windows interlocked functions
2024-11-16  2:05:30 0 [Note] InnoDB: Uses event mutexes
2024-11-16  2:05:30 0 [Note] InnoDB: Compressed tables use zlib 1.3
2024-11-16  2:05:30 0 [Note] InnoDB: Number of pools: 1
2024-11-16  2:05:30 0 [Note] InnoDB: Using SSE2 crc32 instructions
2024-11-16  2:05:30 0 [Note] InnoDB: Initializing buffer pool, total size = 16M, instances = 1, chunk size = 16M
2024-11-16  2:05:30 0 [Note] InnoDB: Completed initialization of buffer pool
2024-11-16  2:05:30 0 [Note] InnoDB: Starting crash recovery from checkpoint LSN=391757
2024-11-16  2:05:30 0 [Note] InnoDB: 128 out of 128 rollback segments are active.
2024-11-16  2:05:30 0 [Note] InnoDB: Removed temporary tablespace data file: "ibtmp1"
2024-11-16  2:05:30 0 [Note] InnoDB: Creating shared tablespace for temporary tables
2024-11-16  2:05:30 0 [Note] InnoDB: Setting file 'C:\xampp\mysql\data\ibtmp1' size to 12 MB. Physically writing the file full; Please wait ...
2024-11-16  2:05:30 0 [Note] InnoDB: File 'C:\xampp\mysql\data\ibtmp1' size is now 12 MB.
2024-11-16  2:05:30 0 [Note] InnoDB: Waiting for purge to start
2024-11-16  2:05:30 0 [Note] InnoDB: 10.4.32 started; log sequence number 391766; transaction id 315
2024-11-16  2:05:30 0 [Note] InnoDB: Loading buffer pool(s) from C:\xampp\mysql\data\ib_buffer_pool
2024-11-16  2:05:30 0 [Note] Plugin 'FEEDBACK' is disabled.
2024-11-16  2:05:30 0 [Note] InnoDB: Buffer pool(s) load completed at 241116  2:05:30
2024-11-16  2:05:30 0 [Note] Server socket created on IP: '::'.
2024-11-18 10:42:25 0 [Note] Starting MariaDB 10.4.32-MariaDB source revision c4143f909528e3fab0677a28631d10389354c491 as process 17932
2024-11-18 10:42:25 0 [Note] InnoDB: Mutexes and rw_locks use Windows interlocked functions
2024-11-18 10:42:25 0 [Note] InnoDB: Uses event mutexes
2024-11-18 10:42:25 0 [Note] InnoDB: Compressed tables use zlib 1.3
2024-11-18 10:42:25 0 [Note] InnoDB: Number of pools: 1
2024-11-18 10:42:25 0 [Note] InnoDB: Using SSE2 crc32 instructions
2024-11-18 10:42:25 0 [Note] InnoDB: Initializing buffer pool, total size = 16M, instances = 1, chunk size = 16M
2024-11-18 10:42:25 0 [Note] InnoDB: Completed initialization of buffer pool
2024-11-18 10:42:25 0 [Note] InnoDB: Starting crash recovery from checkpoint LSN=391775
2024-11-18 10:42:25 0 [Note] InnoDB: 128 out of 128 rollback segments are active.
2024-11-18 10:42:25 0 [Note] InnoDB: Removed temporary tablespace data file: "ibtmp1"
2024-11-18 10:42:25 0 [Note] InnoDB: Creating shared tablespace for temporary tables
2024-11-18 10:42:25 0 [Note] InnoDB: Setting file 'C:\xampp\mysql\data\ibtmp1' size to 12 MB. Physically writing the file full; Please wait ...
2024-11-18 10:42:25 0 [Note] InnoDB: File 'C:\xampp\mysql\data\ibtmp1' size is now 12 MB.
2024-11-18 10:42:25 0 [Note] InnoDB: Waiting for purge to start
2024-11-18 10:42:25 0 [Note] InnoDB: 10.4.32 started; log sequence number 391784; transaction id 315
2024-11-18 10:42:25 0 [Note] InnoDB: Loading buffer pool(s) from C:\xampp\mysql\data\ib_buffer_pool
2024-11-18 10:42:25 0 [Note] Plugin 'FEEDBACK' is disabled.
2024-11-18 10:42:25 0 [Note] InnoDB: Buffer pool(s) load completed at 241118 10:42:25
2024-11-18 10:42:25 0 [Note] Server socket created on IP: '::'.
2024-11-18 10:58:57 0 [Note] Starting MariaDB 10.4.32-MariaDB source revision c4143f909528e3fab0677a28631d10389354c491 as process 6868
2024-11-18 10:58:57 0 [Note] InnoDB: Mutexes and rw_locks use Windows interlocked functions
2024-11-18 10:58:57 0 [Note] InnoDB: Uses event mutexes
2024-11-18 10:58:57 0 [Note] InnoDB: Compressed tables use zlib 1.3
2024-11-18 10:58:57 0 [Note] InnoDB: Number of pools: 1
2024-11-18 10:58:57 0 [Note] InnoDB: Using SSE2 crc32 instructions
2024-11-18 10:58:57 0 [Note] InnoDB: Initializing buffer pool, total size = 16M, instances = 1, chunk size = 16M
2024-11-18 10:58:57 0 [Note] InnoDB: Completed initialization of buffer pool
2024-11-18 10:58:57 0 [Note] InnoDB: Starting crash recovery from checkpoint LSN=391775
2024-11-18 10:58:57 0 [Note] InnoDB: 128 out of 128 rollback segments are active.
2024-11-18 10:58:57 0 [Note] InnoDB: Removed temporary tablespace data file: "ibtmp1"
2024-11-18 10:58:57 0 [Note] InnoDB: Creating shared tablespace for temporary tables
2024-11-18 10:58:57 0 [Note] InnoDB: Setting file 'C:\xampp\mysql\data\ibtmp1' size to 12 MB. Physically writing the file full; Please wait ...
2024-11-18 10:58:57 0 [Note] InnoDB: File 'C:\xampp\mysql\data\ibtmp1' size is now 12 MB.
2024-11-18 10:58:57 0 [Note] InnoDB: Waiting for purge to start
2024-11-18 10:58:57 0 [Note] InnoDB: 10.4.32 started; log sequence number 391784; transaction id 315
2024-11-18 10:58:57 0 [Note] InnoDB: Loading buffer pool(s) from C:\xampp\mysql\data\ib_buffer_pool
2024-11-18 10:58:57 0 [Note] Plugin 'FEEDBACK' is disabled.
2024-11-18 10:58:57 0 [Note] Server socket created on IP: '::'.
2024-11-19 12:21:48 0 [Note] Starting MariaDB 10.4.32-MariaDB source revision c4143f909528e3fab0677a28631d10389354c491 as process 9344
2024-11-19 12:21:48 0 [Note] InnoDB: Mutexes and rw_locks use Windows interlocked functions
2024-11-19 12:21:48 0 [Note] InnoDB: Uses event mutexes
2024-11-19 12:21:48 0 [Note] InnoDB: Compressed tables use zlib 1.3
2024-11-19 12:21:48 0 [Note] InnoDB: Number of pools: 1
2024-11-19 12:21:48 0 [Note] InnoDB: Using SSE2 crc32 instructions
2024-11-19 12:21:48 0 [Note] InnoDB: Initializing buffer pool, total size = 16M, instances = 1, chunk size = 16M
2024-11-19 12:21:48 0 [Note] InnoDB: Completed initialization of buffer pool
2024-11-19 12:21:48 0 [Note] InnoDB: Starting crash recovery from checkpoint LSN=393105
2024-11-19 12:21:48 0 [Note] InnoDB: 128 out of 128 rollback segments are active.
2024-11-19 12:21:48 0 [Note] InnoDB: Removed temporary tablespace data file: "ibtmp1"
2024-11-19 12:21:48 0 [Note] InnoDB: Creating shared tablespace for temporary tables
2024-11-19 12:21:48 0 [Note] InnoDB: Setting file 'C:\xampp\mysql\data\ibtmp1' size to 12 MB. Physically writing the file full; Please wait ...
2024-11-19 12:21:48 0 [Note] InnoDB: File 'C:\xampp\mysql\data\ibtmp1' size is now 12 MB.
2024-11-19 12:21:48 0 [Note] InnoDB: Waiting for purge to start
2024-11-19 12:21:48 0 [Note] InnoDB: 10.4.32 started; log sequence number 393114; transaction id 330
2024-11-19 12:21:48 0 [Note] InnoDB: Loading buffer pool(s) from C:\xampp\mysql\data\ib_buffer_pool
2024-11-19 12:21:48 0 [Note] Plugin 'FEEDBACK' is disabled.
2024-11-19 12:21:48 0 [Note] InnoDB: Buffer pool(s) load completed at 241119 12:21:48
2024-11-19 12:21:48 0 [Note] Server socket created on IP: '::'.
2024-11-19 19:26:10 0 [Note] Starting MariaDB 10.4.32-MariaDB source revision c4143f909528e3fab0677a28631d10389354c491 as process 16764
2024-11-19 19:26:10 0 [Note] InnoDB: Mutexes and rw_locks use Windows interlocked functions
2024-11-19 19:26:10 0 [Note] InnoDB: Uses event mutexes
2024-11-19 19:26:10 0 [Note] InnoDB: Compressed tables use zlib 1.3
2024-11-19 19:26:10 0 [Note] InnoDB: Number of pools: 1
2024-11-19 19:26:10 0 [Note] InnoDB: Using SSE2 crc32 instructions
2024-11-19 19:26:10 0 [Note] InnoDB: Initializing buffer pool, total size = 16M, instances = 1, chunk size = 16M
2024-11-19 19:26:10 0 [Note] InnoDB: Completed initialization of buffer pool
2024-11-19 19:26:10 0 [Note] InnoDB: Starting crash recovery from checkpoint LSN=393123
2024-11-19 19:26:10 0 [Note] InnoDB: 128 out of 128 rollback segments are active.
2024-11-19 19:26:10 0 [Note] InnoDB: Removed temporary tablespace data file: "ibtmp1"
2024-11-19 19:26:10 0 [Note] InnoDB: Creating shared tablespace for temporary tables
2024-11-19 19:26:10 0 [Note] InnoDB: Setting file 'C:\xampp\mysql\data\ibtmp1' size to 12 MB. Physically writing the file full; Please wait ...
2024-11-19 19:26:10 0 [Note] InnoDB: File 'C:\xampp\mysql\data\ibtmp1' size is now 12 MB.
2024-11-19 19:26:10 0 [Note] InnoDB: 10.4.32 started; log sequence number 393132; transaction id 330
2024-11-19 19:26:10 0 [Note] InnoDB: Loading buffer pool(s) from C:\xampp\mysql\data\ib_buffer_pool
2024-11-19 19:26:10 0 [Note] Plugin 'FEEDBACK' is disabled.
2024-11-19 19:26:10 0 [Note] InnoDB: Buffer pool(s) load completed at 241119 19:26:10
2024-11-19 19:26:10 0 [Note] Server socket created on IP: '::'.
2024-11-20  0:46:02 0 [Note] Starting MariaDB 10.4.32-MariaDB source revision c4143f909528e3fab0677a28631d10389354c491 as process 14696
2024-11-20  0:46:02 0 [Note] InnoDB: Mutexes and rw_locks use Windows interlocked functions
2024-11-20  0:46:02 0 [Note] InnoDB: Uses event mutexes
2024-11-20  0:46:02 0 [Note] InnoDB: Compressed tables use zlib 1.3
2024-11-20  0:46:02 0 [Note] InnoDB: Number of pools: 1
2024-11-20  0:46:02 0 [Note] InnoDB: Using SSE2 crc32 instructions
2024-11-20  0:46:02 0 [Note] InnoDB: Initializing buffer pool, total size = 16M, instances = 1, chunk size = 16M
2024-11-20  0:46:02 0 [Note] InnoDB: Completed initialization of buffer pool
2024-11-20  0:46:02 0 [Note] InnoDB: Starting crash recovery from checkpoint LSN=393441
2024-11-20  0:46:02 0 [Note] InnoDB: 128 out of 128 rollback segments are active.
2024-11-20  0:46:02 0 [Note] InnoDB: Removed temporary tablespace data file: "ibtmp1"
2024-11-20  0:46:02 0 [Note] InnoDB: Creating shared tablespace for temporary tables
2024-11-20  0:46:02 0 [Note] InnoDB: Setting file 'C:\xampp\mysql\data\ibtmp1' size to 12 MB. Physically writing the file full; Please wait ...
2024-11-20  0:46:02 0 [Note] InnoDB: File 'C:\xampp\mysql\data\ibtmp1' size is now 12 MB.
2024-11-20  0:46:02 0 [Note] InnoDB: Waiting for purge to start
2024-11-20  0:46:02 0 [Note] InnoDB: 10.4.32 started; log sequence number 393450; transaction id 336
2024-11-20  0:46:02 0 [Note] InnoDB: Loading buffer pool(s) from C:\xampp\mysql\data\ib_buffer_pool
2024-11-20  0:46:02 0 [Note] Plugin 'FEEDBACK' is disabled.
2024-11-20  0:46:02 0 [Note] Server socket created on IP: '::'.
2024-11-20  0:46:02 0 [Note] InnoDB: Buffer pool(s) load compl2024-11-21  8:52:13 0 [Note] Starting MariaDB 10.4.32-MariaDB source revision c4143f909528e3fab0677a28631d10389354c491 as process 15768
2024-11-21  8:52:13 0 [Note] InnoDB: Mutexes and rw_locks use Windows interlocked functions
2024-11-21  8:52:13 0 [Note] InnoDB: Uses event mutexes
2024-11-21  8:52:13 0 [Note] InnoDB: Compressed tables use zlib 1.3
2024-11-21  8:52:13 0 [Note] InnoDB: Number of pools: 1
2024-11-21  8:52:13 0 [Note] InnoDB: Using SSE2 crc32 instructions
2024-11-21  8:52:13 0 [Note] InnoDB: Initializing buffer pool, total size = 16M, instances = 1, chunk size = 16M
2024-11-21  8:52:13 0 [Note] InnoDB: Completed initialization of buffer pool
2024-11-21  8:52:13 0 [Note] InnoDB: Starting crash recovery from checkpoint LSN=395187
2024-11-21  8:52:13 0 [Note] InnoDB: 128 out of 128 rollback segments are active.
2024-11-21  8:52:13 0 [Note] InnoDB: Removed temporary tablespace data file: "ibtmp1"
2024-11-21  8:52:13 0 [Note] InnoDB: Creating shared tablespace for temporary tables
2024-11-21  8:52:13 0 [Note] InnoDB: Setting file 'C:\xampp\mysql\data\ibtmp1' size to 12 MB. Physically writing the file full; Please wait ...
2024-11-21  8:52:13 0 [Note] InnoDB: File 'C:\xampp\mysql\data\ibtmp1' size is now 12 MB.
2024-11-21  8:52:13 0 [Note] InnoDB: Waiting for purge to start
2024-11-21  8:52:13 0 [Note] InnoDB: 10.4.32 started; log sequence number 395196; transaction id 367
2024-11-21  8:52:13 0 [Note] InnoDB: Loading buffer pool(s) from C:\xampp\mysql\data\ib_buffer_pool
2024-11-21  8:52:13 0 [Note] Plugin 'FEEDBACK' is disabled.
2024-11-21  8:52:13 0 [Note] Server socket created on IP: '::'.
2024-11-21  9:01:32 0 [Note] Starting MariaDB 10.4.32-MariaDB source revision c4143f909528e3fab0677a28631d10389354c491 as process 16116
2024-11-21  9:01:32 0 [Note] InnoDB: Mutexes and rw_locks use Windows interlocked functions
2024-11-21  9:01:32 0 [Note] InnoDB: Uses event mutexes
2024-11-21  9:01:32 0 [Note] InnoDB: Compressed tables use zlib 1.3
2024-11-21  9:01:32 0 [Note] InnoDB: Number of pools: 1
2024-11-21  9:01:32 0 [Note] InnoDB: Using SSE2 crc32 instructions
2024-11-21  9:01:32 0 [Note] InnoDB: Initializing buffer pool, total size = 16M, instances = 1, chunk size = 16M
2024-11-21  9:01:32 0 [Note] InnoDB: Completed initialization of buffer pool
2024-11-21  9:01:32 0 [Note] InnoDB: Starting crash recovery from checkpoint LSN=395205
2024-11-21  9:01:32 0 [Note] InnoDB: 128 out of 128 rollback segments are active.
2024-11-21  9:01:32 0 [Note] InnoDB: Removed temporary tablespace data file: "ibtmp1"
2024-11-21  9:01:32 0 [Note] InnoDB: Creating shared tablespace for temporary tables
2024-11-21  9:01:32 0 [Note] InnoDB: Setting file 'C:\xampp\mysql\data\ibtmp1' size to 12 MB. Physically writing the file full; Please wait ...
2024-11-21  9:01:32 0 [Note] InnoDB: File 'C:\xampp\mysql\data\ibtmp1' size is now 12 MB.
2024-11-21  9:01:32 0 [Note] InnoDB: Waiting for purge to start
2024-11-21  9:01:32 0 [Note] InnoDB: 10.4.32 started; log sequence number 395214; transaction id 367
2024-11-21  9:01:32 0 [Note] InnoDB: Loading buffer pool(s) from C:\xampp\mysql\data\ib_buffer_pool
2024-11-21  9:01:32 0 [Note] Plugin 'FEEDBACK' is disabled.
2024-11-21  9:01:32 0 [Note] Server socket created on IP: '::'.
2024-11-21 10:20:12 0 [Note] Starting MariaDB 10.4.32-MariaDB source revision c4143f909528e3fab0677a28631d10389354c491 as process 1932
2024-11-21 10:20:12 0 [Note] InnoDB: Mutexes and rw_locks use Windows interlocked functions
2024-11-21 10:20:12 0 [Note] InnoDB: Uses event mutexes
2024-11-21 10:20:12 0 [Note] InnoDB: Compressed tables use zlib 1.3
2024-11-21 10:20:12 0 [Note] InnoDB: Number of pools: 1
2024-11-21 10:20:12 0 [Note] InnoDB: Using SSE2 crc32 instructions
2024-11-21 10:20:12 0 [Note] InnoDB: Initializing buffer pool, total size = 16M, instances = 1, chunk size = 16M
2024-11-21 10:20:12 0 [Note] InnoDB: Completed initialization of buffer pool
2024-11-21 10:20:12 0 [Note] InnoDB: Starting crash recovery from checkpoint LSN=399600
2024-11-21 10:20:12 0 [Note] InnoDB: 128 out of 128 rollback segments are active.
2024-11-21 10:20:12 0 [Note] InnoDB: Removed temporary tablespace data file: "ibtmp1"
2024-11-21 10:20:12 0 [Note] InnoDB: Creating shared tablespace for temporary tables
2024-11-21 10:20:12 0 [Note] InnoDB: Setting file 'C:\xampp\mysql\data\ibtmp1' size to 12 MB. Physically writing the file full; Please wait ...
2024-11-21 10:20:12 0 [Note] InnoDB: File 'C:\xampp\mysql\data\ibtmp1' size is now 12 MB.
2024-11-21 10:20:12 0 [Note] InnoDB: Waiting for purge to start
2024-11-21 10:20:12 0 [Note] InnoDB: 10.4.32 started; log sequence number 399609; transaction id 384
2024-11-21 10:20:12 0 [Note] InnoDB: Loading buffer pool(s) from C:\xampp\mysql\data\ib_buffer_pool
2024-11-21 10:20:12 0 [Note] Plugin 'FEEDBACK' is disabled.
2024-11-21 10:20:12 0 [Note] Server socket created on IP: '::'.
2024-11-21 11:57:44 0 [Note] Starting MariaDB 10.4.32-MariaDB source revision c4143f909528e3fab0677a28631d10389354c491 as process 26148
2024-11-21 11:57:44 0 [Note] InnoDB: Mutexes and rw_locks use Windows interlocked functions
2024-11-21 11:57:44 0 [Note] InnoDB: Uses event mutexes
2024-11-21 11:57:44 0 [Note] InnoDB: Compressed tables use zlib 1.3
2024-11-21 11:57:44 0 [Note] InnoDB: Number of pools: 1
2024-11-21 11:57:44 0 [Note] InnoDB: Using SSE2 crc32 instructions
2024-11-21 11:57:44 0 [Note] InnoDB: Initializing buffer pool, total size = 16M, instances = 1, chunk size = 16M
2024-11-21 11:57:44 0 [Note] InnoDB: Completed initialization of buffer pool
2024-11-21 11:57:44 0 [Note] InnoDB: Starting crash recovery from checkpoint LSN=399618
2024-11-21 11:57:45 0 [Note] InnoDB: 128 out of 128 rollback segments are active.
2024-11-21 11:57:45 0 [Note] InnoDB: Removed temporary tablespace data file: "ibtmp1"
2024-11-21 11:57:45 0 [Note] InnoDB: Creating shared tablespace for temporary tables
2024-11-21 11:57:45 0 [Note] InnoDB: Setting file 'C:\xampp\mysql\data\ibtmp1' size to 12 MB. Physically writing the file full; Please wait ...
2024-11-21 11:57:45 0 [Note] InnoDB: File 'C:\xampp\mysql\data\ibtmp1' size is now 12 MB.
2024-11-21 11:57:45 0 [Note] InnoDB: Waiting for purge to start
2024-11-21 11:57:45 0 [Note] InnoDB: 10.4.32 started; log sequence number 399627; transaction id 384
2024-11-21 11:57:45 0 [Note] InnoDB: Loading buffer pool(s) from C:\xampp\mysql\data\ib_buffer_pool
2024-11-21 11:57:45 0 [Note] Plugin 'FEEDBACK' is disabled.
2024-11-21 11:57:45 0 [Note] Server socket created on IP: '::'.
2024-11-21 12:05:43 0 [Note] Starting MariaDB 10.4.32-MariaDB source revision c4143f909528e3fab0677a28631d10389354c491 as process 18980
2024-11-21 12:05:43 0 [Note] InnoDB: Mutexes and rw_locks use Windows interlocked functions
2024-11-21 12:05:43 0 [Note] InnoDB: Uses event mutexes
2024-11-21 12:05:43 0 [Note] InnoDB: Compressed tables use zlib 1.3
2024-11-21 12:05:43 0 [Note] InnoDB: Number of pools: 1
2024-11-21 12:05:43 0 [Note] InnoDB: Using SSE2 crc32 instructions
2024-11-21 12:05:43 0 [Note] InnoDB: Initializing buffer pool, total size = 16M, instances = 1, chunk size = 16M
2024-11-21 12:05:43 0 [Note] InnoDB: Completed initialization of buffer pool
2024-11-21 12:05:43 0 [Note] InnoDB: Starting crash recovery from checkpoint LSN=399636
2024-11-21 12:05:43 0 [Note] InnoDB: 128 out of 128 rollback segments are active.
2024-11-21 12:05:43 0 [Note] InnoDB: Removed temporary tablespace data file: "ibtmp1"
2024-11-21 12:05:43 0 [Note] InnoDB: Creating shared tablespace for temporary tables
2024-11-21 12:05:43 0 [Note] InnoDB: Setting file 'C:\xampp\mysql\data\ibtmp1' size to 12 MB. Physically writing the file full; Please wait ...
2024-11-21 12:05:43 0 [Note] InnoDB: File 'C:\xampp\mysql\data\ibtmp1' size is now 12 MB.
2024-11-21 12:05:43 0 [Note] InnoDB: Waiting for purge to start
2024-11-21 12:05:43 0 [Note] InnoDB: 10.4.32 started; log sequence number 399645; transaction id 384
2024-11-21 12:05:43 0 [Note] InnoDB: Loading buffer pool(s) from C:\xampp\mysql\data\ib_buffer_pool
2024-11-21 12:05:43 0 [Note] Plugin 'FEEDBACK' is disabled.
2024-11-21 12:05:43 0 [Note] Server socket created on IP: '::'.
